<?xml version="1.0" encoding="UTF-8"?>
<!-- Generated by org.testng.reporters.JUnitXMLReporter -->
<testsuite ignored="1" hostname="TYSS-Akshay" failures="0" tests="1" name="Default test" time="13.707" errors="0" timestamp="2022-09-08T11:59:59 IST">
  <testcase classname="PracticesForProject.FindHowMuchTimeTakenToVisibilityOfWebElementInWebPage" name="loginButtonLoadingTiming" time="13.679"/>
  <testcase classname="PracticesForProject.FindHowMuchTimeTakenToVisibilityOfWebElementInWebPage" name="visibilityOfElementTime" time="0.0">
    <ignored/>
  </testcase> <!-- visibilityOfElementTime -->
</testsuite> <!-- Default test -->
