<?xml version="1.0" encoding="UTF-8"?>
<!-- Generated by org.testng.reporters.JUnitXMLReporter -->
<testsuite ignored="3" hostname="TYSS-Akshay" failures="0" tests="1" name="Default test" time="36.249" errors="0" timestamp="2022-09-12T10:40:07 IST">
  <testcase classname="PracticesForProject.ImageVerificationInIRCTC" name="imageComparing" time="36.177"/>
  <testcase classname="PracticesForProject.ImageVerificationInIRCTC" name="imagescreenShot" time="0.0">
    <ignored/>
  </testcase> <!-- imagescreenShot -->
  <testcase classname="PracticesForProject.ImageVerificationInIRCTC" name="imageVerifing" time="0.0">
    <ignored/>
  </testcase> <!-- imageVerifing -->
  <testcase classname="PracticesForProject.ImageVerificationInIRCTC" name="imageVerification" time="0.0">
    <ignored/>
  </testcase> <!-- imageVerification -->
</testsuite> <!-- Default test -->
