<?xml version="1.0" encoding="UTF-8"?>
<testng-results ignored="1" total="2" passed="1" failed="0" skipped="0">
  <reporter-output>
  </reporter-output>
  <suite started-at="2022-09-08T11:59:45 IST" name="Default suite" finished-at="2022-09-08T11:59:59 IST" duration-ms="13707">
    <groups>
    </groups>
    <test started-at="2022-09-08T11:59:45 IST" name="Default test" finished-at="2022-09-08T11:59:59 IST" duration-ms="13707">
      <class name="PracticesForProject.FindHowMuchTimeTakenToVisibilityOfWebElementInWebPage">
        <test-method signature="loginButtonLoadingTiming()[pri:0, instance:PracticesForProject.FindHowMuchTimeTakenToVisibilityOfWebElementInWebPage@4dbb42b7]" started-at="2022-09-08T11:59:45 IST" name="loginButtonLoadingTiming" finished-at="2022-09-08T11:59:59 IST" duration-ms="13679" status="PASS">
          <reporter-output>
          </reporter-output>
        </test-method> <!-- loginButtonLoadingTiming -->
      </class> <!-- PracticesForProject.FindHowMuchTimeTakenToVisibilityOfWebElementInWebPage -->
    </test> <!-- Default test -->
  </suite> <!-- Default suite -->
</testng-results>
