<?xml version="1.0" encoding="UTF-8"?>
<testng-results ignored="0" total="1" passed="1" failed="0" skipped="0">
  <reporter-output>
  </reporter-output>
  <suite started-at="2022-08-23T13:01:54 IST" name="Default suite" finished-at="2022-08-23T13:04:47 IST" duration-ms="173192">
    <groups>
    </groups>
    <test started-at="2022-08-23T13:01:54 IST" name="Default test" finished-at="2022-08-23T13:04:47 IST" duration-ms="173192">
      <class name="PracticesForProject.News18_Ads_Title_Ads_DimensionsTest">
        <test-method is-config="true" signature="LaunchBrowser()[pri:0, instance:PracticesForProject.News18_Ads_Title_Ads_DimensionsTest@59505b48]" started-at="2022-08-23T13:01:50 IST" name="LaunchBrowser" finished-at="2022-08-23T13:01:54 IST" duration-ms="4129" status="PASS">
          <reporter-output>
          </reporter-output>
        </test-method> <!-- LaunchBrowser -->
        <test-method signature="First_Ad()[pri:0, instance:PracticesForProject.News18_Ads_Title_Ads_DimensionsTest@59505b48]" started-at="2022-08-23T13:01:54 IST" name="First_Ad" finished-at="2022-08-23T13:04:47 IST" duration-ms="173165" status="PASS">
          <reporter-output>
          </reporter-output>
        </test-method> <!-- First_Ad -->
      </class> <!-- PracticesForProject.News18_Ads_Title_Ads_DimensionsTest -->
    </test> <!-- Default test -->
  </suite> <!-- Default suite -->
</testng-results>
